
--------------------------------------------------
TXLib сообщает:

Программа: D:\C_course\KPK_TaskThree\Examples\Example_AnimeOne.exe, файл: D:\C_course\TX\TXLib.h, строка: 13657, функция: bool {anonymous}::TX::txTransparentBlt(HDC, double, double, double, double, HDC, double, double, COLORREF),

Сообщение: Параметр "sourceImage" неверен. Возможно, этот холст не создан, или уже уничтожен, или не загрузилась картинка.

#1: TXLib [Ver: 00173a, Rev: 171, Date: 2021-06-16 02:02:25 +0400], Instance: 0x00506304 (32-bit), Flags: CMdRe0, Thread: 0x4050 (Main), GetLastError(): 13 (Недопустимые данные). 

--------------------------------------------------
Стек вызовов:

# 0 0x0042359A in D:\C_course\KPK_TaskThree\Examples\Example_AnimeOne.exe: txTransparentBlt() at D:/C_course/TX/TXLib.h (13657)

# 1 0x0042CDCC in D:\C_course\KPK_TaskThree\Examples\Example_AnimeOne.exe: main() at D:/C_course/KPK_TaskThree/Examples/Example_AnimeOne.cpp (30):

     28:         txClear();
     29: 
=>   30:         txTransparentBlt (txDC(), 250, 250, sizeX, sizeY, person, (t%4)*sizeX, nanim*sizeY, RGB(0,255,0));
     31: 
     32: 

--------------------------------------------------
Стек вызовов TX:

# 0 in bool {anonymous}::TX::txTransparentBlt(HDC, double, double, double, double, HDC, double, double, COLORREF) at D:\C_course\TX\TXLib.h (13657):

  13655: 
  13656: $1  if (_TX_HDC_FAILED (destImage))   return false;
=>13657: $   if (_TX_HDC_FAILED (sourceImage)) return false;
  13658: 
  13659:     // Это автоматическое определение размеров картинки (точнее, HDC источника - source) с помощью txGetExtent().

# 1 in int main() at D:\C_course\KPK_TaskThree\Examples\Example_AnimeOne.cpp (30):

     28:         txClear();
     29: 
=>   30:         txTransparentBlt (txDC(), 250, 250, sizeX, sizeY, person, (t%4)*sizeX, nanim*sizeY, RGB(0,255,0));
     31: 
     32: 

--------------------------------------------------
Developed with:

The Dumb Artist Library (TX Library)
TXLib [Ver: 00173a, Rev: 171, Date: 2021-06-16 02:02:25 +0400]
Copyright (C) Ded (Ilya Dedinsky, http://txlib.ru) <mail@txlib.ru>
See license on: http://txlib.ru

TXLib file:	D:\C_course\TX\TXLib.h
Compiled:	Jul  1 2021 00:29:06, GNU g++ 4.8.1, std=201103L, MinGW Runtime 3.20, 32-bit, DEBUG
Started:	Jul 01 2021 00:29:10

Run file:	D:\C_course\KPK_TaskThree\Examples\Example_AnimeOne.exe
Directory:	D:\C_course\KPK_TaskThree\Examples

--------------------------------------------------
